Using pre-set license

 COMMAND LINE ARGUMENTS:
/Users/kobayashiryota/Desktop/2020.3.2f1/Unity.app/Contents/MacOS/Unity
-adb2
-batchMode
-noUpm
-name
AssetImportWorker0
-projectPath
/Users/kobayashiryota/Dropbox/My Mac (kobayasdainoMBP)/Downloads/ToyStory
-logFile
Logs/AssetImportWorker0.log
-srvPort
63985
Successfully changed project path to: /Users/kobayashiryota/Dropbox/My Mac (kobayasdainoMBP)/Downloads/ToyStory
/Users/kobayashiryota/Dropbox/My Mac (kobayasdainoMBP)/Downloads/ToyStory
Using Asset Import Pipeline V2.
Refreshing native plugins compatible for Editor in 27.44 ms, found 1 plugins.
Preloading 0 native plugins for Editor in 0.00 ms.
Initialize engine version: 2020.3.2f1 (8fd9074bf66c)
[Subsystems] Discovering subsystems at path /Users/kobayashiryota/Desktop/2020.3.2f1/Unity.app/Contents/Resources/UnitySubsystems
[Subsystems] Discovering subsystems at path /Users/kobayashiryota/Dropbox/My Mac (kobayasdainoMBP)/Downloads/ToyStory/Assets
GfxDevice: creating device client; threaded=0
2021-04-24 23:52:04.776 Unity[74284:33435315] Color LCD preferred device: Intel(R) Iris(TM) Plus Graphics 645 (low power)
2021-04-24 23:52:04.776 Unity[74284:33435315] Metal devices available: 1
2021-04-24 23:52:04.776 Unity[74284:33435315] 0: Intel(R) Iris(TM) Plus Graphics 645 (low power)
2021-04-24 23:52:04.777 Unity[74284:33435315] Using device Intel(R) Iris(TM) Plus Graphics 645 (low power)
Initializing Metal device caps: Intel(R) Iris(TM) Plus Graphics 645
Initialize mono
Mono path[0] = '/Users/kobayashiryota/Desktop/2020.3.2f1/Unity.app/Contents/Managed'
Mono path[1] = '/Users/kobayashiryota/Desktop/2020.3.2f1/Unity.app/Contents/MonoBleedingEdge/lib/mono/unityjit'
Mono config path = '/Users/kobayashiryota/Desktop/2020.3.2f1/Unity.app/Contents/MonoBleedingEdge/etc'
Using monoOptions --debugger-agent=transport=dt_socket,embedding=1,server=y,suspend=n,address=127.0.0.1:56284
Begin MonoManager ReloadAssembly
Registering precompiled unity dll's ...
Register platform support module: /Users/kobayashiryota/Desktop/2020.3.2f1/Unity.app/Contents/PlaybackEngines/MacStandaloneSupport/UnityEditor.OSXStandalone.Extensions.dll
Registered in 0.000623 seconds.
Native extension for OSXStandalone target not found
Refreshing native plugins compatible for Editor in 28.66 ms, found 1 plugins.
Preloading 0 native plugins for Editor in 0.00 ms.
Invoked RoslynAnalysisRunner static constructor.
RoslynAnalysisRunner will not be running.
RoslynAnalysisRunner has terminated.
Mono: successfully reloaded assembly
- Completed reload, in  1.986 seconds
Platform modules already initialized, skipping
Registering precompiled user dll's ...
Registered in 0.000408 seconds.
Begin MonoManager ReloadAssembly
Native extension for OSXStandalone target not found
Refreshing native plugins compatible for Editor in 0.28 ms, found 1 plugins.
Preloading 0 native plugins for Editor in 0.00 ms.
Invoked RoslynAnalysisRunner static constructor.
RoslynAnalysisRunner will not be running.
RoslynAnalysisRunner has terminated.
Mono: successfully reloaded assembly
- Completed reload, in  1.187 seconds
Platform modules already initialized, skipping
========================================================================
Worker process is ready to serve import requests
Launching external process: /Users/kobayashiryota/Desktop/2020.3.2f1/Unity.app/Contents/Tools/UnityShaderCompiler
Launched and connected shader compiler UnityShaderCompiler after 0.01 seconds
Refreshing native plugins compatible for Editor in 0.28 ms, found 1 plugins.
Preloading 0 native plugins for Editor in 0.00 ms.
Unloading 1128 Unused Serialized files (Serialized files now loaded: 0)
System memory in use before: 113.4 MB.
System memory in use after: 113.4 MB.

Unloading 9 unused Assets to reduce memory usage. Loaded Objects now: 1572.
Total: 2.402545 ms (FindLiveObjects: 0.231212 ms CreateObjectMapping: 0.062704 ms MarkObjects: 2.030604 ms  DeleteObjects: 0.076342 ms)

========================================================================
Received Import Request.
  path: Assets/jasper.fbx
  artifactKey: Guid(f2ab6e8b8274a4ea0857b8ed18ab2bd4) Importer(815301076,1909f56bfc062723c751e8b465ee728b)
Start importing Assets/jasper.fbx using Guid(f2ab6e8b8274a4ea0857b8ed18ab2bd4) Importer(815301076,1909f56bfc062723c751e8b465ee728b)  -> (artifact id: 'e5eba9e26974ebf2720922b7d8b084d0') in 1.450488 seconds
  Import took 1.456204 seconds .

