Using pre-set license

 COMMAND LINE ARGUMENTS:
/Users/kobayashiryota/Desktop/2020.3.2f1/Unity.app/Contents/MacOS/Unity
-adb2
-batchMode
-noUpm
-name
AssetImportWorker0
-projectPath
/Users/kobayashiryota/Desktop/ToyStory
-logFile
Logs/AssetImportWorker0.log
-srvPort
64467
Successfully changed project path to: /Users/kobayashiryota/Desktop/ToyStory
/Users/kobayashiryota/Desktop/ToyStory
Using Asset Import Pipeline V2.
Refreshing native plugins compatible for Editor in 27.78 ms, found 1 plugins.
Preloading 0 native plugins for Editor in 0.00 ms.
Initialize engine version: 2020.3.2f1 (8fd9074bf66c)
[Subsystems] Discovering subsystems at path /Users/kobayashiryota/Desktop/2020.3.2f1/Unity.app/Contents/Resources/UnitySubsystems
[Subsystems] Discovering subsystems at path /Users/kobayashiryota/Desktop/ToyStory/Assets
GfxDevice: creating device client; threaded=0
2021-05-02 01:01:15.785 Unity[12600:605076] Color LCD preferred device: Intel(R) Iris(TM) Plus Graphics 645 (low power)
2021-05-02 01:01:15.786 Unity[12600:605076] Metal devices available: 1
2021-05-02 01:01:15.786 Unity[12600:605076] 0: Intel(R) Iris(TM) Plus Graphics 645 (low power)
2021-05-02 01:01:15.786 Unity[12600:605076] Using device Intel(R) Iris(TM) Plus Graphics 645 (low power)
Initializing Metal device caps: Intel(R) Iris(TM) Plus Graphics 645
Initialize mono
Mono path[0] = '/Users/kobayashiryota/Desktop/2020.3.2f1/Unity.app/Contents/Managed'
Mono path[1] = '/Users/kobayashiryota/Desktop/2020.3.2f1/Unity.app/Contents/MonoBleedingEdge/lib/mono/unityjit'
Mono config path = '/Users/kobayashiryota/Desktop/2020.3.2f1/Unity.app/Contents/MonoBleedingEdge/etc'
Using monoOptions --debugger-agent=transport=dt_socket,embedding=1,server=y,suspend=n,address=127.0.0.1:56600
Begin MonoManager ReloadAssembly
Registering precompiled unity dll's ...
Register platform support module: /Users/kobayashiryota/Desktop/2020.3.2f1/Unity.app/Contents/PlaybackEngines/MacStandaloneSupport/UnityEditor.OSXStandalone.Extensions.dll
Registered in 0.000647 seconds.
Native extension for OSXStandalone target not found
Refreshing native plugins compatible for Editor in 27.21 ms, found 1 plugins.
Preloading 0 native plugins for Editor in 0.00 ms.
Invoked RoslynAnalysisRunner static constructor.
RoslynAnalysisRunner will not be running.
RoslynAnalysisRunner has terminated.
Mono: successfully reloaded assembly
- Completed reload, in  2.447 seconds
Platform modules already initialized, skipping
Registering precompiled user dll's ...
Registered in 0.000449 seconds.
Begin MonoManager ReloadAssembly
Native extension for OSXStandalone target not found
Refreshing native plugins compatible for Editor in 0.25 ms, found 1 plugins.
Preloading 0 native plugins for Editor in 0.00 ms.
Invoked RoslynAnalysisRunner static constructor.
RoslynAnalysisRunner will not be running.
RoslynAnalysisRunner has terminated.
Mono: successfully reloaded assembly
- Completed reload, in  0.981 seconds
Platform modules already initialized, skipping
========================================================================
Worker process is ready to serve import requests
Launching external process: /Users/kobayashiryota/Desktop/2020.3.2f1/Unity.app/Contents/Tools/UnityShaderCompiler
Launched and connected shader compiler UnityShaderCompiler after 0.01 seconds
Refreshing native plugins compatible for Editor in 0.24 ms, found 1 plugins.
Preloading 0 native plugins for Editor in 0.00 ms.
Unloading 1129 Unused Serialized files (Serialized files now loaded: 0)
System memory in use before: 112.7 MB.
System memory in use after: 112.8 MB.

Unloading 9 unused Assets to reduce memory usage. Loaded Objects now: 1571.
Total: 2.584220 ms (FindLiveObjects: 0.338901 ms CreateObjectMapping: 0.122418 ms MarkObjects: 2.046947 ms  DeleteObjects: 0.074118 ms)

========================================================================
Received Import Request.
  path: Assets/jasper.fbx
  artifactKey: Guid(f2ab6e8b8274a4ea0857b8ed18ab2bd4) Importer(815301076,1909f56bfc062723c751e8b465ee728b)
Start importing Assets/jasper.fbx using Guid(f2ab6e8b8274a4ea0857b8ed18ab2bd4) Importer(815301076,1909f56bfc062723c751e8b465ee728b)  -> (artifact id: 'e5eba9e26974ebf2720922b7d8b084d0') in 1.494912 seconds
  Import took 1.499996 seconds .

========================================================================
Received Import Request.
  Time since last request: 0.000203 seconds.
  path: Assets/Ch14_nonPBR@Zombie Attack.fbx
  artifactKey: Guid(fc3e84b2a7d0d41c7a20ed3e66de625d) Importer(815301076,1909f56bfc062723c751e8b465ee728b)
Start importing Assets/Ch14_nonPBR@Zombie Attack.fbx using Guid(fc3e84b2a7d0d41c7a20ed3e66de625d) Importer(815301076,1909f56bfc062723c751e8b465ee728b)  -> (artifact id: 'afa45c841b7647220c2f16437c33fb7b') in 0.323345 seconds
  Import took 0.325570 seconds .

========================================================================
Received Import Request.
  Time since last request: 0.000197 seconds.
  path: Assets/Ch14_nonPBR@Walking.fbx
  artifactKey: Guid(829eb9d3f78294cf28037f8a7d26cf75) Importer(815301076,1909f56bfc062723c751e8b465ee728b)
Start importing Assets/Ch14_nonPBR@Walking.fbx using Guid(829eb9d3f78294cf28037f8a7d26cf75) Importer(815301076,1909f56bfc062723c751e8b465ee728b)  -> (artifact id: '90d320e8aa7ad590afa189247928aab8') in 0.006807 seconds
  Import took 0.008635 seconds .

========================================================================
Received Import Request.
  Time since last request: 7.531056 seconds.
  path: Assets/Scenes/ToyHouse.unity
  artifactKey: Guid(0bce5907d797a4cd8b0660dc119867e8) Importer(815301076,1909f56bfc062723c751e8b465ee728b)
Start importing Assets/Scenes/ToyHouse.unity using Guid(0bce5907d797a4cd8b0660dc119867e8) Importer(815301076,1909f56bfc062723c751e8b465ee728b)  -> (artifact id: 'f0577fde9512e45c3cb4bf5ee1f7ae12') in 0.001916 seconds
  Import took 0.003999 seconds .

========================================================================
Received Import Request.
  Time since last request: 0.012711 seconds.
  path: Assets/Scenes/ToyHouse.unity
  artifactKey: Guid(0bce5907d797a4cd8b0660dc119867e8) Importer(815301076,1909f56bfc062723c751e8b465ee728b)
Start importing Assets/Scenes/ToyHouse.unity using Guid(0bce5907d797a4cd8b0660dc119867e8) Importer(815301076,1909f56bfc062723c751e8b465ee728b)  -> (artifact id: 'f0577fde9512e45c3cb4bf5ee1f7ae12') in 0.001064 seconds
  Import took 0.003255 seconds .

